<?xml version="1.0" encoding="UTF-8"?>
<!-- Generated by org.testng.reporters.JUnitReportReporter -->
<testsuite hostname="DESKTOP-8I169PA" failures="0" tests="2" name="com.herokuapp.theinternet.testCases.CheckboxTests" time="10.448" errors="0" timestamp="2024-09-06T21:00:46 SAST" skipped="0">
  <testcase classname="com.herokuapp.theinternet.testCases.CheckboxTests" name="uncheckAllCheckboxes" time="5.213"/>
  <testcase classname="com.herokuapp.theinternet.testCases.CheckboxTests" name="checkAllCheckboxes" time="5.235"/>
</testsuite> <!-- com.herokuapp.theinternet.testCases.CheckboxTests -->
