<?xml version="1.0" encoding="UTF-8"?>
<!-- Generated by org.testng.reporters.JUnitReportReporter -->
<testsuite hostname="DESKTOP-8I169PA" failures="0" tests="1" name="com.herokuapp.theinternet.testCases.MultipleWindowsTests" time="5.999" errors="0" timestamp="2024-09-09T09:14:11 SAST" skipped="0">
  <testcase classname="com.herokuapp.theinternet.testCases.MultipleWindowsTests" name="multipleWindowTest" time="5.999"/>
</testsuite> <!-- com.herokuapp.theinternet.testCases.MultipleWindowsTests -->
