<?xml version="1.0" encoding="UTF-8"?>
<!-- Generated by org.testng.reporters.JUnitReportReporter -->
<testsuite hostname="DESKTOP-8I169PA" failures="0" tests="2" name="com.herokuapp.theinternet.testCases.LoginTests" time="14.124" errors="0" timestamp="2024-09-04T19:06:37 SAST" skipped="0">
  <testcase classname="com.herokuapp.theinternet.testCases.LoginTests" name="negativeLoginTestCSV" time="6.934"/>
  <testcase classname="com.herokuapp.theinternet.testCases.LoginTests" name="negativeLoginTestCSV" time="7.190"/>
</testsuite> <!-- com.herokuapp.theinternet.testCases.LoginTests -->
