<?xml version="1.0" encoding="UTF-8"?>
<!-- Generated by org.testng.reporters.JUnitReportReporter -->
<testsuite hostname="DESKTOP-8I169PA" failures="0" tests="2" name="com.herokuapp.theinternet.testCases.LoginTests" time="14.121" errors="0" timestamp="2024-09-03T19:41:40 SAST" skipped="0">
  <testcase classname="com.herokuapp.theinternet.testCases.LoginTests" name="negativeLoginTestExcel" time="7.512"/>
  <testcase classname="com.herokuapp.theinternet.testCases.LoginTests" name="negativeLoginTestExcel" time="6.609"/>
</testsuite> <!-- com.herokuapp.theinternet.testCases.LoginTests -->
