<?xml version="1.0" encoding="UTF-8"?>
<!-- Generated by org.testng.reporters.JUnitReportReporter -->
<testsuite hostname="DESKTOP-8I169PA" failures="0" tests="1" name="com.herokuapp.theinternet.testCases.HoversTests" time="8.259" errors="0" timestamp="2024-09-07T20:22:42 SAST" skipped="0">
  <testcase classname="com.herokuapp.theinternet.testCases.HoversTests" name="hoversTest" time="8.259"/>
</testsuite> <!-- com.herokuapp.theinternet.testCases.HoversTests -->
