<?xml version="1.0" encoding="UTF-8"?>
<!-- Generated by org.testng.reporters.JUnitReportReporter -->
<testsuite hostname="DESKTOP-8I169PA" failures="0" tests="1" name="com.herokuapp.theinternet.testCases.DropDownTests" time="5.037" errors="0" timestamp="2024-09-09T12:10:01 SAST" skipped="0">
  <testcase classname="com.herokuapp.theinternet.testCases.DropDownTests" name="dropDownTest" time="5.037"/>
</testsuite> <!-- com.herokuapp.theinternet.testCases.DropDownTests -->
