<?xml version="1.0" encoding="UTF-8"?>
<!-- Generated by org.testng.reporters.JUnitReportReporter -->
<testsuite hostname="DESKTOP-8I169PA" failures="0" tests="1" name="com.herokuapp.theinternet.testCases.ReadExcelDataTest" time="5.511" errors="0" timestamp="2024-09-03T17:50:01 SAST" skipped="0">
  <testcase classname="com.herokuapp.theinternet.testCases.ReadExcelDataTest" name="readFromExcelTest" time="5.511"/>
</testsuite> <!-- com.herokuapp.theinternet.testCases.ReadExcelDataTest -->
