<?xml version="1.0" encoding="UTF-8"?>
<!-- Generated by org.testng.reporters.JUnitReportReporter -->
<testsuite hostname="DESKTOP-8I169PA" failures="0" tests="2" name="com.herokuapp.theinternet.testCases.iFrameTests" time="12.768" errors="0" timestamp="2024-09-09T12:10:01 SAST" skipped="0">
  <testcase classname="com.herokuapp.theinternet.testCases.iFrameTests" name="iframeTest" time="6.645"/>
  <testcase classname="com.herokuapp.theinternet.testCases.iFrameTests" name="nestedFramesTest" time="6.123"/>
</testsuite> <!-- com.herokuapp.theinternet.testCases.iFrameTests -->
