<?xml version="1.0" encoding="UTF-8"?>
<!-- Generated by org.testng.reporters.JUnitReportReporter -->
<testsuite hostname="DESKTOP-8I169PA" failures="0" tests="2" name="com.herokuapp.theinternet.testCases.CheckboxTests" time="10.306" errors="0" timestamp="2024-09-09T12:10:01 SAST" skipped="0">
  <testcase classname="com.herokuapp.theinternet.testCases.CheckboxTests" name="checkAllCheckboxes" time="5.099"/>
  <testcase classname="com.herokuapp.theinternet.testCases.CheckboxTests" name="uncheckAllCheckboxes" time="5.207"/>
</testsuite> <!-- com.herokuapp.theinternet.testCases.CheckboxTests -->
