<?xml version="1.0" encoding="UTF-8"?>
<!-- Generated by org.testng.reporters.JUnitReportReporter -->
<testsuite hostname="DESKTOP-8I169PA" failures="0" tests="1" name="com.herokuapp.theinternet.testCases.iFrameTests" time="10.540" errors="0" timestamp="2024-09-03T14:59:41 SAST" skipped="0">
  <testcase classname="com.herokuapp.theinternet.testCases.iFrameTests" name="nestedFramesTest" time="10.540"/>
</testsuite> <!-- com.herokuapp.theinternet.testCases.iFrameTests -->
