<?xml version="1.0" encoding="UTF-8"?>
<!-- Generated by org.testng.reporters.JUnitReportReporter -->
<testsuite hostname="DESKTOP-8I169PA" failures="0" tests="1" name="com.herokuapp.theinternet.testCases.KeyPressesTests" time="6.602" errors="0" timestamp="2024-09-09T08:59:47 SAST" skipped="0">
  <testcase classname="com.herokuapp.theinternet.testCases.KeyPressesTests" name="keyPressesTests" time="6.602"/>
</testsuite> <!-- com.herokuapp.theinternet.testCases.KeyPressesTests -->
