<?xml version="1.0" encoding="UTF-8"?>
<!-- Generated by org.testng.reporters.JUnitReportReporter -->
<testsuite hostname="DESKTOP-8I169PA" failures="0" tests="2" name="com.herokuapp.theinternet.testCases.LoginTests" time="12.890" errors="0" timestamp="2024-09-06T21:00:46 SAST" skipped="0">
  <testcase classname="com.herokuapp.theinternet.testCases.LoginTests" name="negativeLoginTestCSV" time="6.578"/>
  <testcase classname="com.herokuapp.theinternet.testCases.LoginTests" name="negativeLoginTestCSV" time="6.312"/>
</testsuite> <!-- com.herokuapp.theinternet.testCases.LoginTests -->
